<?xml version="1.0" encoding="utf-8" standalone="no"?>
<!--This file represents the results of running a test suite-->
<test-results name="C:\Users\postcn\Documents\GitHub\Dominion\Dominion\Dominion\bin\Debug\Dominion.exe" total="19" errors="0" failures="0" not-run="0" inconclusive="0" ignored="0" skipped="0" invalid="0" date="2013-03-21" time="15:46:44">
  <environment nunit-version="2.6.2.12296" clr-version="2.0.50727.5466" os-version="Microsoft Windows NT 6.1.7601 Service Pack 1" platform="Win32NT" cwd="C:\Program Files\NUnit 2.6.2\bin" machine-name="POSTCN-1" user="postcn" user-domain="POSTCN-1" />
  <culture-info current-culture="en-US" current-uiculture="en-US" />
  <test-suite type="Assembly" name="C:\Users\postcn\Documents\GitHub\Dominion\Dominion\Dominion\bin\Debug\Dominion.exe" executed="True" result="Success" success="True" time="0.168" asserts="0">
    <results>
      <test-suite type="Namespace" name="Dominion" executed="True" result="Success" success="True" time="0.156" asserts="0">
        <results>
          <test-suite type="TestFixture" name="CardTest" executed="True" result="Success" success="True" time="0.103" asserts="0">
            <results>
              <test-case name="Dominion.CardTest.testFunctionNumber" executed="True" result="Success" success="True" time="0.024" asserts="3" />
              <test-case name="Dominion.CardTest.testGetActions" executed="True" result="Success" success="True" time="0.001" asserts="3" />
              <test-case name="Dominion.CardTest.testGetBuy" executed="True" result="Success" success="True" time="0.001" asserts="3" />
              <test-case name="Dominion.CardTest.testGetCash" executed="True" result="Success" success="True" time="0.001" asserts="3" />
              <test-case name="Dominion.CardTest.testGetDescription" executed="True" result="Success" success="True" time="0.001" asserts="1" />
              <test-case name="Dominion.CardTest.testGetDraws" executed="True" result="Success" success="True" time="0.000" asserts="3" />
              <test-case name="Dominion.CardTest.testGetName" executed="True" result="Success" success="True" time="0.000" asserts="1" />
              <test-case name="Dominion.CardTest.testGetType" executed="True" result="Success" success="True" time="0.001" asserts="3" />
              <test-case name="Dominion.CardTest.testGetVictoryPoints" executed="True" result="Success" success="True" time="0.000" asserts="3" />
              <test-case name="Dominion.CardTest.testInintializes" executed="True" result="Success" success="True" time="0.009" asserts="1" />
              <test-case name="Dominion.CardTest.testToString" executed="True" result="Success" success="True" time="0.000" asserts="1" />
            </results>
          </test-suite>
          <test-suite type="TestFixture" name="DeckTest" executed="True" result="Success" success="True" time="0.043" asserts="0">
            <results>
              <test-case name="Dominion.DeckTest.testDeckInitializes" executed="True" result="Success" success="True" time="0.001" asserts="1" />
              <test-case name="Dominion.DeckTest.testDiscardAll" executed="True" result="Success" success="True" time="0.001" asserts="1" />
              <test-case name="Dominion.DeckTest.testDiscardRandom" executed="True" result="Success" success="True" time="0.000" asserts="1" />
              <test-case name="Dominion.DeckTest.testDraw" executed="True" result="Success" success="True" time="0.000" asserts="2" />
              <test-case name="Dominion.DeckTest.testDrawAll" executed="True" result="Success" success="True" time="0.002" asserts="1" />
              <test-case name="Dominion.DeckTest.testDrawAndDiscardAllAutomaticShuffle" executed="True" result="Success" success="True" time="0.001" asserts="1" />
              <test-case name="Dominion.DeckTest.testGetSize" executed="True" result="Success" success="True" time="0.001" asserts="2" />
              <test-case name="Dominion.DeckTest.testShuffle" executed="True" result="Success" success="True" time="0.003" asserts="100" />
            </results>
          </test-suite>
        </results>
      </test-suite>
    </results>
  </test-suite>
</test-results>